#
# There is insufficient memory for the Java Runtime Environment to continue.
# Native memory allocation (mmap) failed to map 25165824 bytes for G1 virtual space
# Possible reasons:
#   The system is out of physical RAM or swap space
#   The process is running with CompressedOops enabled, and the Java Heap may be blocking the growth of the native heap
# Possible solutions:
#   Reduce memory load on the system
#   Increase physical memory or swap space
#   Check if swap backing store is full
#   Decrease Java heap size (-Xmx/-Xms)
#   Decrease number of Java threads
#   Decrease Java thread stack sizes (-Xss)
#   Set larger code cache with -XX:ReservedCodeCacheSize=
#   JVM is running with Unscaled Compressed Oops mode in which the Java heap is
#     placed in the first 4GB address space. The Java Heap base address is the
#     maximum limit for the native heap growth. Please use -XX:HeapBaseMinAddress
#     to set the Java Heap base and to place the Java Heap above 4GB virtual address.
# This output file may be truncated or incomplete.
#
#  Out of Memory Error (os_windows.cpp:3466), pid=36672, tid=18972
#
# JRE version: OpenJDK Runtime Environment (16.0.2+7) (build 16.0.2+7-67)
# Java VM: OpenJDK 64-Bit Server VM (16.0.2+7-67, mixed mode, sharing, tiered, compressed oops, compressed class ptrs, g1 gc, windows-amd64)
# No core dump will be written. Minidumps are not enabled by default on client versions of Windows
#

---------------  S U M M A R Y ------------

Command Line: --add-opens=java.base/java.util=ALL-UNNAMED --add-opens=java.base/java.lang=ALL-UNNAMED --add-opens=java.base/java.lang.invoke=ALL-UNNAMED --add-opens=java.base/java.util=ALL-UNNAMED --add-opens=java.prefs/java.util.prefs=ALL-UNNAMED --add-opens=java.prefs/java.util.prefs=ALL-UNNAMED --add-opens=java.base/java.nio.charset=ALL-UNNAMED --add-opens=java.base/java.net=ALL-UNNAMED --add-opens=java.base/java.util.concurrent.atomic=ALL-UNNAMED -Xmx2048m -Dfile.encoding=UTF-8 -Duser.country=GB -Duser.language=en -Duser.variant org.gradle.launcher.daemon.bootstrap.GradleDaemon 7.3.3

Host: Intel(R) Core(TM) i7-9750H CPU @ 2.60GHz, 12 cores, 19G,  Windows 10 , 64 bit Build 22000 (10.0.22000.1335)
Time: Tue Feb 14 10:41:52 2023 GMT Standard Time elapsed time: 9949.067459 seconds (0d 2h 45m 49s)

---------------  T H R E A D  ---------------

Current thread (0x000001fe560ee4b0):  VMThread "VM Thread" [stack: 0x000000a4d7e00000,0x000000a4d7f00000] [id=18972]

Stack: [0x000000a4d7e00000,0x000000a4d7f00000]
Native frames: (J=compiled Java code, j=interpreted, Vv=VM code, C=native code)
V  [jvm.dll+0x6681ca]
V  [jvm.dll+0x7c9e69]
V  [jvm.dll+0x7cb61e]
V  [jvm.dll+0x7cbc73]
V  [jvm.dll+0x242c55]
V  [jvm.dll+0x664f89]
V  [jvm.dll+0x659b75]
V  [jvm.dll+0x2fbfbb]
V  [jvm.dll+0x3031b6]
V  [jvm.dll+0x35299e]
V  [jvm.dll+0x352bcf]
V  [jvm.dll+0x2d3028]
V  [jvm.dll+0x2d0bb5]
V  [jvm.dll+0x2d01ec]
V  [jvm.dll+0x315693]
V  [jvm.dll+0x7d00ab]
V  [jvm.dll+0x7d0da4]
V  [jvm.dll+0x7d12a9]
V  [jvm.dll+0x7d1564]
V  [jvm.dll+0x7d1630]
V  [jvm.dll+0x7795aa]
V  [jvm.dll+0x667066]
C  [ucrtbase.dll+0x26c0c]
C  [KERNEL32.DLL+0x155a0]
C  [ntdll.dll+0x485b]

VM_Operation (0x000000a4d9bfad50): G1TryInitiateConcMark, mode: safepoint, requested by thread 0x000001fe59021b80


---------------  P R O C E S S  ---------------

Threads class SMR info:
_java_thread_list=0x000001fe5da6c430, length=46, elements={
0x000001fe37b94320, 0x000001fe560f3a60, 0x000001fe560f6380, 0x000001fe56c04210,
0x000001fe56c04b20, 0x000001fe56c05430, 0x000001fe56c08960, 0x000001fe56c115b0,
0x000001fe56c15400, 0x000001fe56c19980, 0x000001fe56d4ddc0, 0x000001fe56d55d30,
0x000001fe58646a00, 0x000001fe5888e4e0, 0x000001fe587be720, 0x000001fe57883af0,
0x000001fe578815c0, 0x000001fe57882060, 0x000001fe5a799100, 0x000001fe5a794bf0,
0x000001fe5a79ab90, 0x000001fe5a795140, 0x000001fe5a79bb80, 0x000001fe5a796680,
0x000001fe5a796130, 0x000001fe590285c0, 0x000001fe59021630, 0x000001fe5aeb3e30,
0x000001fe5aeb2e40, 0x000001fe5aeb5e10, 0x000001fe5aeb3390, 0x000001fe5aeb4380,
0x000001fe5aeb6360, 0x000001fe5aeb03c0, 0x000001fe5aeb68b0, 0x000001fe5aeb1900,
0x000001fe590240b0, 0x000001fe590275d0, 0x000001fe590255f0, 0x000001fe59021b80,
0x000001fe590220d0, 0x000001fe59023b60, 0x000001fe59024600, 0x000001fe59026090,
0x000001fe5a57bdb0, 0x000001fe5a57df10
}

Java Threads: ( => current thread )
  0x000001fe37b94320 JavaThread "main" [_thread_blocked, id=27108, stack(0x000000a4d7800000,0x000000a4d7900000)]
  0x000001fe560f3a60 JavaThread "Reference Handler" daemon [_thread_blocked, id=36336, stack(0x000000a4d7f00000,0x000000a4d8000000)]
  0x000001fe560f6380 JavaThread "Finalizer" daemon [_thread_blocked, id=2848, stack(0x000000a4d8000000,0x000000a4d8100000)]
  0x000001fe56c04210 JavaThread "Signal Dispatcher" daemon [_thread_blocked, id=31568, stack(0x000000a4d8100000,0x000000a4d8200000)]
  0x000001fe56c04b20 JavaThread "Attach Listener" daemon [_thread_blocked, id=30908, stack(0x000000a4d8200000,0x000000a4d8300000)]
  0x000001fe56c05430 JavaThread "Service Thread" daemon [_thread_blocked, id=27836, stack(0x000000a4d8300000,0x000000a4d8400000)]
  0x000001fe56c08960 JavaThread "Monitor Deflation Thread" daemon [_thread_blocked, id=36760, stack(0x000000a4d8400000,0x000000a4d8500000)]
  0x000001fe56c115b0 JavaThread "C2 CompilerThread0" daemon [_thread_blocked, id=14876, stack(0x000000a4d8500000,0x000000a4d8600000)]
  0x000001fe56c15400 JavaThread "C1 CompilerThread0" daemon [_thread_blocked, id=26644, stack(0x000000a4d8600000,0x000000a4d8700000)]
  0x000001fe56c19980 JavaThread "Sweeper thread" daemon [_thread_blocked, id=15516, stack(0x000000a4d8700000,0x000000a4d8800000)]
  0x000001fe56d4ddc0 JavaThread "Common-Cleaner" daemon [_thread_blocked, id=31388, stack(0x000000a4d8800000,0x000000a4d8900000)]
  0x000001fe56d55d30 JavaThread "Notification Thread" daemon [_thread_blocked, id=29248, stack(0x000000a4d8900000,0x000000a4d8a00000)]
  0x000001fe58646a00 JavaThread "Daemon health stats" [_thread_blocked, id=35256, stack(0x000000a4d9300000,0x000000a4d9400000)]
  0x000001fe5888e4e0 JavaThread "Incoming local TCP Connector on port 61978" [_thread_in_native, id=2804, stack(0x000000a4d9400000,0x000000a4d9500000)]
  0x000001fe587be720 JavaThread "Daemon periodic checks" [_thread_blocked, id=36820, stack(0x000000a4d9500000,0x000000a4d9600000)]
  0x000001fe57883af0 JavaThread "Cache worker for journal cache (C:\Users\pavel\.gradle\caches\journal-1)" [_thread_blocked, id=20076, stack(0x000000a4d9d00000,0x000000a4d9e00000)]
  0x000001fe578815c0 JavaThread "File lock request listener" [_thread_in_native, id=2876, stack(0x000000a4d9e00000,0x000000a4d9f00000)]
  0x000001fe57882060 JavaThread "Cache worker for file hash cache (C:\Users\pavel\.gradle\caches\7.3.3\fileHashes)" [_thread_blocked, id=23400, stack(0x000000a4d9f00000,0x000000a4da000000)]
  0x000001fe5a799100 JavaThread "File watcher server" daemon [_thread_blocked, id=10584, stack(0x000000a4da100000,0x000000a4da200000)]
  0x000001fe5a794bf0 JavaThread "File watcher consumer" daemon [_thread_blocked, id=15216, stack(0x000000a4da200000,0x000000a4da300000)]
  0x000001fe5a79ab90 JavaThread "Cache worker for execution history cache (C:\Users\pavel\.gradle\caches\7.3.3\executionHistory)" [_thread_blocked, id=16196, stack(0x000000a4dab00000,0x000000a4dac00000)]
  0x000001fe5a795140 JavaThread "jar transforms" [_thread_blocked, id=22276, stack(0x000000a4dac00000,0x000000a4dad00000)]
  0x000001fe5a79bb80 JavaThread "Cache worker for file content cache (C:\Users\pavel\.gradle\caches\7.3.3\fileContent)" [_thread_blocked, id=35520, stack(0x000000a4dad00000,0x000000a4dae00000)]
  0x000001fe5a796680 JavaThread "jar transforms Thread 2" [_thread_blocked, id=11816, stack(0x000000a4dae00000,0x000000a4daf00000)]
  0x000001fe5a796130 JavaThread "jar transforms Thread 3" [_thread_blocked, id=4568, stack(0x000000a4db000000,0x000000a4db100000)]
  0x000001fe590285c0 JavaThread "jar transforms Thread 4" [_thread_blocked, id=25276, stack(0x000000a4e2a00000,0x000000a4e2b00000)]
  0x000001fe59021630 JavaThread "jar transforms Thread 5" [_thread_blocked, id=32016, stack(0x000000a4e2b00000,0x000000a4e2c00000)]
  0x000001fe5aeb3e30 JavaThread "jar transforms Thread 6" [_thread_blocked, id=29324, stack(0x000000a4e2c00000,0x000000a4e2d00000)]
  0x000001fe5aeb2e40 JavaThread "jar transforms Thread 7" [_thread_blocked, id=29820, stack(0x000000a4e2d00000,0x000000a4e2e00000)]
  0x000001fe5aeb5e10 JavaThread "jar transforms Thread 8" [_thread_blocked, id=34484, stack(0x000000a4e2e00000,0x000000a4e2f00000)]
  0x000001fe5aeb3390 JavaThread "jar transforms Thread 9" [_thread_blocked, id=8572, stack(0x000000a4e2f00000,0x000000a4e3000000)]
  0x000001fe5aeb4380 JavaThread "jar transforms Thread 10" [_thread_blocked, id=5268, stack(0x000000a4e3000000,0x000000a4e3100000)]
  0x000001fe5aeb6360 JavaThread "jar transforms Thread 11" [_thread_blocked, id=34464, stack(0x000000a4e3100000,0x000000a4e3200000)]
  0x000001fe5aeb03c0 JavaThread "jar transforms Thread 12" [_thread_blocked, id=34812, stack(0x000000a4e3200000,0x000000a4e3300000)]
  0x000001fe5aeb68b0 JavaThread "Memory manager" [_thread_blocked, id=20672, stack(0x000000a4e3300000,0x000000a4e3400000)]
  0x000001fe5aeb1900 JavaThread "pool-3-thread-1" [_thread_blocked, id=29284, stack(0x000000a4e3500000,0x000000a4e3600000)]
  0x000001fe590240b0 JavaThread "Daemon Thread 2" [_thread_blocked, id=15892, stack(0x000000a4d7500000,0x000000a4d7600000)]
  0x000001fe590275d0 JavaThread "Handler for socket connection from /127.0.0.1:61978 to /127.0.0.1:55564" [_thread_in_native, id=2316, stack(0x000000a4d9900000,0x000000a4d9a00000)]
  0x000001fe590255f0 JavaThread "Cancel handler" [_thread_blocked, id=28212, stack(0x000000a4d9a00000,0x000000a4d9b00000)]
  0x000001fe59021b80 JavaThread "Daemon worker Thread 2" [_thread_blocked, id=17940, stack(0x000000a4d9b00000,0x000000a4d9c00000)]
  0x000001fe590220d0 JavaThread "Asynchronous log dispatcher for DefaultDaemonConnection: socket connection from /127.0.0.1:61978 to /127.0.0.1:55564" [_thread_blocked, id=6288, stack(0x000000a4d9c00000,0x000000a4d9d00000)]
  0x000001fe59023b60 JavaThread "Stdin handler" [_thread_blocked, id=20032, stack(0x000000a4da000000,0x000000a4da100000)]
  0x000001fe59024600 JavaThread "Daemon client event forwarder" [_thread_blocked, id=20708, stack(0x000000a4da300000,0x000000a4da400000)]
  0x000001fe59026090 JavaThread "Cache worker for file hash cache (D:\University London\Roehampton'\mobile Apps_Java\Projects\My Goals\.gradle\7.3.3\fileHashes)" [_thread_blocked, id=28664, stack(0x000000a4da400000,0x000000a4da500000)]
  0x000001fe5a57bdb0 JavaThread "C2 CompilerThread1" daemon [_thread_blocked, id=4032, stack(0x000000a4da500000,0x000000a4da600000)]
  0x000001fe5a57df10 JavaThread "C2 CompilerThread2" daemon [_thread_blocked, id=27120, stack(0x000000a4daf00000,0x000000a4db000000)]

Other Threads:
=>0x000001fe560ee4b0 VMThread "VM Thread" [stack: 0x000000a4d7e00000,0x000000a4d7f00000] [id=18972]
  0x000001fe56d58260 WatcherThread [stack: 0x000000a4d8a00000,0x000000a4d8b00000] [id=35964]
  0x000001fe37bd2880 GCTaskThread "GC Thread#0" [stack: 0x000000a4d7900000,0x000000a4d7a00000] [id=5180]
  0x000001fe579f11e0 GCTaskThread "GC Thread#1" [stack: 0x000000a4d8c00000,0x000000a4d8d00000] [id=12028]
  0x000001fe57a09590 GCTaskThread "GC Thread#2" [stack: 0x000000a4d8d00000,0x000000a4d8e00000] [id=16484]
  0x000001fe578fcd20 GCTaskThread "GC Thread#3" [stack: 0x000000a4d8e00000,0x000000a4d8f00000] [id=29068]
  0x000001fe579a62e0 GCTaskThread "GC Thread#4" [stack: 0x000000a4d8f00000,0x000000a4d9000000] [id=36816]
  0x000001fe579a5390 GCTaskThread "GC Thread#5" [stack: 0x000000a4d9000000,0x000000a4d9100000] [id=21296]
  0x000001fe579a5fd0 GCTaskThread "GC Thread#6" [stack: 0x000000a4d9100000,0x000000a4d9200000] [id=22576]
  0x000001fe5a28fd50 GCTaskThread "GC Thread#7" [stack: 0x000000a4da600000,0x000000a4da700000] [id=21184]
  0x000001fe5a2915d0 GCTaskThread "GC Thread#8" [stack: 0x000000a4da700000,0x000000a4da800000] [id=7328]
  0x000001fe5a2918e0 GCTaskThread "GC Thread#9" [stack: 0x000000a4da800000,0x000000a4da900000] [id=18960]
  0x000001fe37c22010 ConcurrentGCThread "G1 Main Marker" [stack: 0x000000a4d7a00000,0x000000a4d7b00000] [id=26064]
  0x000001fe37c240d0 ConcurrentGCThread "G1 Conc#0" [stack: 0x000000a4d7b00000,0x000000a4d7c00000] [id=5444]
  0x000001fe5a28f730 ConcurrentGCThread "G1 Conc#1" [stack: 0x000000a4da900000,0x000000a4daa00000] [id=17016]
  0x000001fe5a291f00 ConcurrentGCThread "G1 Conc#2" [stack: 0x000000a4daa00000,0x000000a4dab00000] [id=2460]
  0x000001fe37c6dcd0 ConcurrentGCThread "G1 Refine#0" [stack: 0x000000a4d7c00000,0x000000a4d7d00000] [id=4376]
  0x000001fe5da330b0 ConcurrentGCThread "G1 Refine#1" [stack: 0x000000a4d7600000,0x000000a4d7700000] [id=13012]
  0x000001fe5da333f0 ConcurrentGCThread "G1 Refine#2" [stack: 0x000000a4d7700000,0x000000a4d7800000] [id=28252]
  0x000001fe5da34430 ConcurrentGCThread "G1 Refine#3" [stack: 0x000000a4d8b00000,0x000000a4d8c00000] [id=25364]
  0x000001fe5da33a70 ConcurrentGCThread "G1 Refine#4" [stack: 0x000000a4d9200000,0x000000a4d9300000] [id=30928]
  0x000001fe5da35470 ConcurrentGCThread "G1 Refine#5" [stack: 0x000000a4d9600000,0x000000a4d9700000] [id=31900]
  0x000001fe5da357b0 ConcurrentGCThread "G1 Refine#6" [stack: 0x000000a4d9700000,0x000000a4d9800000] [id=28384]
  0x000001fe5da31d30 ConcurrentGCThread "G1 Refine#7" [stack: 0x000000a4d9800000,0x000000a4d9900000] [id=17068]
  0x000001fe37c6e400 ConcurrentGCThread "G1 Service" [stack: 0x000000a4d7d00000,0x000000a4d7e00000] [id=32324]

Threads with active compile tasks:

VM state: at safepoint (normal execution)

VM Mutex/Monitor currently owned by a thread:  ([mutex/lock_event])
[0x000001fe37b8fe80] Threads_lock - owner thread: 0x000001fe560ee4b0
[0x000001fe37b90db0] Heap_lock - owner thread: 0x000001fe59021b80

Heap address: 0x0000000080000000, size: 2048 MB, Compressed Oops mode: 32-bit

CDS archive(s) mapped at: [0x0000000800000000-0x0000000800bb0000-0x0000000800bb0000), size 12255232, SharedBaseAddress: 0x0000000800000000, ArchiveRelocationMode: 0.
Compressed class space mapped at: 0x0000000800c00000-0x0000000840c00000, reserved size: 1073741824
Narrow klass base: 0x0000000800000000, Narrow klass shift: 3, Narrow klass range: 0x100000000

GC Precious Log:
 CPUs: 12 total, 12 available
 Memory: 20297M
 Large Page Support: Disabled
 NUMA Support: Disabled
 Compressed Oops: Enabled (32-bit)
 Heap Region Size: 1M
 Heap Min Capacity: 8M
 Heap Initial Capacity: 318M
 Heap Max Capacity: 2G
 Pre-touch: Disabled
 Parallel Workers: 10
 Concurrent Workers: 3
 Concurrent Refinement Workers: 10
 Periodic GC: Disabled

Heap:
 garbage-first heap   total 189440K, used 89040K [0x0000000080000000, 0x0000000100000000)
  region size 1024K, 1 young (1024K), 1 survivors (1024K)
 Metaspace       used 80317K, committed 81216K, reserved 1122304K
  class space    used 10585K, committed 10944K, reserved 1048576K

Heap Regions: E=young(eden), S=young(survivor), O=old, HS=humongous(starts), HC=humongous(continues), CS=collection set, F=free, OA=open archive, CA=closed archive, TAMS=top-at-mark-start (previous, next)
|   0|0x0000000080000000, 0x0000000080100000, 0x0000000080100000|100%| O|  |TAMS 0x0000000080100000, 0x0000000080100000| Untracked 
|   1|0x0000000080100000, 0x0000000080200000, 0x0000000080200000|100%| O|  |TAMS 0x0000000080200000, 0x0000000080200000| Untracked 
|   2|0x0000000080200000, 0x0000000080300000, 0x0000000080300000|100%| O|  |TAMS 0x0000000080300000, 0x0000000080300000| Untracked 
|   3|0x0000000080300000, 0x0000000080400000, 0x0000000080400000|100%|HS|  |TAMS 0x0000000080400000, 0x0000000080400000| Complete 
|   4|0x0000000080400000, 0x0000000080500000, 0x0000000080500000|100%|HC|  |TAMS 0x0000000080500000, 0x0000000080500000| Complete 
|   5|0x0000000080500000, 0x0000000080600000, 0x0000000080600000|100%|HC|  |TAMS 0x0000000080600000, 0x0000000080600000| Complete 
|   6|0x0000000080600000, 0x0000000080700000, 0x0000000080700000|100%| O|  |TAMS 0x0000000080700000, 0x0000000080700000| Untracked 
|   7|0x0000000080700000, 0x0000000080800000, 0x0000000080800000|100%| O|  |TAMS 0x0000000080800000, 0x0000000080800000| Untracked 
|   8|0x0000000080800000, 0x0000000080900000, 0x0000000080900000|100%| O|  |TAMS 0x0000000080900000, 0x0000000080900000| Untracked 
|   9|0x0000000080900000, 0x0000000080a00000, 0x0000000080a00000|100%| O|  |TAMS 0x0000000080a00000, 0x0000000080a00000| Untracked 
|  10|0x0000000080a00000, 0x0000000080a00000, 0x0000000080b00000|  0%| F|  |TAMS 0x0000000080a00000, 0x0000000080a00000| Untracked 
|  11|0x0000000080b00000, 0x0000000080c00000, 0x0000000080c00000|100%| O|  |TAMS 0x0000000080c00000, 0x0000000080c00000| Untracked 
|  12|0x0000000080c00000, 0x0000000080d00000, 0x0000000080d00000|100%| O|  |TAMS 0x0000000080d00000, 0x0000000080d00000| Untracked 
|  13|0x0000000080d00000, 0x0000000080e00000, 0x0000000080e00000|100%| O|  |TAMS 0x0000000080e00000, 0x0000000080e00000| Untracked 
|  14|0x0000000080e00000, 0x0000000080f00000, 0x0000000080f00000|100%| O|  |TAMS 0x0000000080f00000, 0x0000000080f00000| Untracked 
|  15|0x0000000080f00000, 0x0000000081000000, 0x0000000081000000|100%| O|  |TAMS 0x0000000081000000, 0x0000000081000000| Untracked 
|  16|0x0000000081000000, 0x0000000081100000, 0x0000000081100000|100%| O|  |TAMS 0x0000000081100000, 0x0000000081100000| Untracked 
|  17|0x0000000081100000, 0x0000000081200000, 0x0000000081200000|100%| O|  |TAMS 0x0000000081200000, 0x0000000081200000| Untracked 
|  18|0x0000000081200000, 0x0000000081300000, 0x0000000081300000|100%| O|  |TAMS 0x0000000081300000, 0x0000000081300000| Untracked 
|  19|0x0000000081300000, 0x0000000081400000, 0x0000000081400000|100%| O|  |TAMS 0x0000000081400000, 0x0000000081400000| Untracked 
|  20|0x0000000081400000, 0x0000000081500000, 0x0000000081500000|100%| O|  |TAMS 0x0000000081500000, 0x0000000081500000| Untracked 
|  21|0x0000000081500000, 0x0000000081600000, 0x0000000081600000|100%| O|  |TAMS 0x0000000081600000, 0x0000000081600000| Untracked 
|  22|0x0000000081600000, 0x0000000081700000, 0x0000000081700000|100%| O|  |TAMS 0x0000000081700000, 0x0000000081700000| Untracked 
|  23|0x0000000081700000, 0x0000000081700000, 0x0000000081800000|  0%| F|  |TAMS 0x0000000081700000, 0x0000000081700000| Untracked 
|  24|0x0000000081800000, 0x0000000081900000, 0x0000000081900000|100%| O|  |TAMS 0x0000000081900000, 0x0000000081900000| Untracked 
|  25|0x0000000081900000, 0x0000000081a00000, 0x0000000081a00000|100%| O|  |TAMS 0x0000000081a00000, 0x0000000081a00000| Untracked 
|  26|0x0000000081a00000, 0x0000000081a00000, 0x0000000081b00000|  0%| F|  |TAMS 0x0000000081a00000, 0x0000000081a00000| Untracked 
|  27|0x0000000081b00000, 0x0000000081b00000, 0x0000000081c00000|  0%| F|  |TAMS 0x0000000081b00000, 0x0000000081b00000| Untracked 
|  28|0x0000000081c00000, 0x0000000081d00000, 0x0000000081d00000|100%| O|  |TAMS 0x0000000081d00000, 0x0000000081d00000| Untracked 
|  29|0x0000000081d00000, 0x0000000081e00000, 0x0000000081e00000|100%|HS|  |TAMS 0x0000000081e00000, 0x0000000081e00000| Complete 
|  30|0x0000000081e00000, 0x0000000081f00000, 0x0000000081f00000|100%|HS|  |TAMS 0x0000000081f00000, 0x0000000081f00000| Complete 
|  31|0x0000000081f00000, 0x0000000081f00000, 0x0000000082000000|  0%| F|  |TAMS 0x0000000081f00000, 0x0000000081f00000| Untracked 
|  32|0x0000000082000000, 0x0000000082100000, 0x0000000082100000|100%| O|  |TAMS 0x0000000082100000, 0x0000000082100000| Untracked 
|  33|0x0000000082100000, 0x0000000082200000, 0x0000000082200000|100%|HS|  |TAMS 0x0000000082200000, 0x0000000082200000| Complete 
|  34|0x0000000082200000, 0x0000000082300000, 0x0000000082300000|100%|HC|  |TAMS 0x0000000082300000, 0x0000000082300000| Complete 
|  35|0x0000000082300000, 0x0000000082400000, 0x0000000082400000|100%| O|  |TAMS 0x0000000082400000, 0x0000000082400000| Untracked 
|  36|0x0000000082400000, 0x0000000082500000, 0x0000000082500000|100%| O|  |TAMS 0x0000000082500000, 0x0000000082500000| Untracked 
|  37|0x0000000082500000, 0x0000000082600000, 0x0000000082600000|100%| O|  |TAMS 0x0000000082600000, 0x0000000082600000| Untracked 
|  38|0x0000000082600000, 0x0000000082700000, 0x0000000082700000|100%| O|  |TAMS 0x0000000082700000, 0x0000000082700000| Untracked 
|  39|0x0000000082700000, 0x0000000082800000, 0x0000000082800000|100%| O|  |TAMS 0x0000000082800000, 0x0000000082800000| Untracked 
|  40|0x0000000082800000, 0x0000000082900000, 0x0000000082900000|100%| O|  |TAMS 0x0000000082900000, 0x0000000082900000| Untracked 
|  41|0x0000000082900000, 0x0000000082a00000, 0x0000000082a00000|100%| O|  |TAMS 0x0000000082a00000, 0x0000000082a00000| Untracked 
|  42|0x0000000082a00000, 0x0000000082b00000, 0x0000000082b00000|100%| O|  |TAMS 0x0000000082b00000, 0x0000000082b00000| Untracked 
|  43|0x0000000082b00000, 0x0000000082b00000, 0x0000000082c00000|  0%| F|  |TAMS 0x0000000082b00000, 0x0000000082b00000| Untracked 
|  44|0x0000000082c00000, 0x0000000082d00000, 0x0000000082d00000|100%| O|  |TAMS 0x0000000082d00000, 0x0000000082d00000| Untracked 
|  45|0x0000000082d00000, 0x0000000082e00000, 0x0000000082e00000|100%| O|  |TAMS 0x0000000082e00000, 0x0000000082e00000| Untracked 
|  46|0x0000000082e00000, 0x0000000082f00000, 0x0000000082f00000|100%| O|  |TAMS 0x0000000082f00000, 0x0000000082f00000| Untracked 
|  47|0x0000000082f00000, 0x0000000082f00000, 0x0000000083000000|  0%| F|  |TAMS 0x0000000082f00000, 0x0000000082f00000| Untracked 
|  48|0x0000000083000000, 0x0000000083100000, 0x0000000083100000|100%| O|  |TAMS 0x0000000083100000, 0x0000000083100000| Untracked 
|  49|0x0000000083100000, 0x0000000083100000, 0x0000000083200000|  0%| F|  |TAMS 0x0000000083100000, 0x0000000083100000| Untracked 
|  50|0x0000000083200000, 0x0000000083200000, 0x0000000083300000|  0%| F|  |TAMS 0x0000000083200000, 0x0000000083200000| Untracked 
|  51|0x0000000083300000, 0x0000000083300000, 0x0000000083400000|  0%| F|  |TAMS 0x0000000083300000, 0x0000000083300000| Untracked 
|  52|0x0000000083400000, 0x0000000083500000, 0x0000000083500000|100%| O|  |TAMS 0x0000000083500000, 0x0000000083500000| Untracked 
|  53|0x0000000083500000, 0x0000000083500000, 0x0000000083600000|  0%| F|  |TAMS 0x0000000083500000, 0x0000000083500000| Untracked 
|  54|0x0000000083600000, 0x0000000083600000, 0x0000000083700000|  0%| F|  |TAMS 0x0000000083600000, 0x0000000083600000| Untracked 
|  55|0x0000000083700000, 0x0000000083800000, 0x0000000083800000|100%| O|  |TAMS 0x0000000083800000, 0x0000000083800000| Untracked 
|  56|0x0000000083800000, 0x0000000083900000, 0x0000000083900000|100%| O|  |TAMS 0x0000000083900000, 0x0000000083900000| Untracked 
|  57|0x0000000083900000, 0x0000000083a00000, 0x0000000083a00000|100%| O|  |TAMS 0x0000000083a00000, 0x0000000083a00000| Untracked 
|  58|0x0000000083a00000, 0x0000000083b00000, 0x0000000083b00000|100%| O|  |TAMS 0x0000000083b00000, 0x0000000083b00000| Untracked 
|  59|0x0000000083b00000, 0x0000000083c00000, 0x0000000083c00000|100%| O|  |TAMS 0x0000000083c00000, 0x0000000083c00000| Untracked 
|  60|0x0000000083c00000, 0x0000000083c00000, 0x0000000083d00000|  0%| F|  |TAMS 0x0000000083c00000, 0x0000000083c00000| Untracked 
|  61|0x0000000083d00000, 0x0000000083d00000, 0x0000000083e00000|  0%| F|  |TAMS 0x0000000083d00000, 0x0000000083d00000| Untracked 
|  62|0x0000000083e00000, 0x0000000083e00000, 0x0000000083f00000|  0%| F|  |TAMS 0x0000000083e00000, 0x0000000083e00000| Untracked 
|  63|0x0000000083f00000, 0x0000000083f00000, 0x0000000084000000|  0%| F|  |TAMS 0x0000000083f00000, 0x0000000083f00000| Untracked 
|  64|0x0000000084000000, 0x0000000084100000, 0x0000000084100000|100%| O|  |TAMS 0x0000000084100000, 0x0000000084100000| Untracked 
|  65|0x0000000084100000, 0x0000000084200000, 0x0000000084200000|100%| O|  |TAMS 0x0000000084200000, 0x0000000084200000| Untracked 
|  66|0x0000000084200000, 0x0000000084300000, 0x0000000084300000|100%| O|  |TAMS 0x0000000084300000, 0x0000000084300000| Untracked 
|  67|0x0000000084300000, 0x0000000084400000, 0x0000000084400000|100%| O|  |TAMS 0x0000000084400000, 0x0000000084400000| Untracked 
|  68|0x0000000084400000, 0x0000000084500000, 0x0000000084500000|100%| O|  |TAMS 0x0000000084500000, 0x0000000084500000| Untracked 
|  69|0x0000000084500000, 0x0000000084600000, 0x0000000084600000|100%| O|  |TAMS 0x0000000084600000, 0x0000000084600000| Untracked 
|  70|0x0000000084600000, 0x0000000084700000, 0x0000000084700000|100%| O|  |TAMS 0x0000000084700000, 0x0000000084700000| Untracked 
|  71|0x0000000084700000, 0x0000000084700000, 0x0000000084800000|  0%| F|  |TAMS 0x0000000084700000, 0x0000000084700000| Untracked 
|  72|0x0000000084800000, 0x0000000084900000, 0x0000000084900000|100%| O|  |TAMS 0x0000000084900000, 0x0000000084900000| Untracked 
|  73|0x0000000084900000, 0x0000000084900000, 0x0000000084a00000|  0%| F|  |TAMS 0x0000000084900000, 0x0000000084900000| Untracked 
|  74|0x0000000084a00000, 0x0000000084b00000, 0x0000000084b00000|100%| O|  |TAMS 0x0000000084b00000, 0x0000000084b00000| Untracked 
|  75|0x0000000084b00000, 0x0000000084c00000, 0x0000000084c00000|100%| O|  |TAMS 0x0000000084c00000, 0x0000000084c00000| Untracked 
|  76|0x0000000084c00000, 0x0000000084d00000, 0x0000000084d00000|100%| O|  |TAMS 0x0000000084d00000, 0x0000000084d00000| Untracked 
|  77|0x0000000084d00000, 0x0000000084e00000, 0x0000000084e00000|100%| O|  |TAMS 0x0000000084e00000, 0x0000000084e00000| Untracked 
|  78|0x0000000084e00000, 0x0000000084f00000, 0x0000000084f00000|100%| O|  |TAMS 0x0000000084f00000, 0x0000000084f00000| Untracked 
|  79|0x0000000084f00000, 0x0000000085000000, 0x0000000085000000|100%| O|  |TAMS 0x0000000085000000, 0x0000000085000000| Untracked 
|  80|0x0000000085000000, 0x0000000085100000, 0x0000000085100000|100%| O|  |TAMS 0x0000000085100000, 0x0000000085100000| Untracked 
|  81|0x0000000085100000, 0x0000000085200000, 0x0000000085200000|100%| O|  |TAMS 0x0000000085200000, 0x0000000085200000| Untracked 
|  82|0x0000000085200000, 0x0000000085300000, 0x0000000085300000|100%| O|  |TAMS 0x0000000085300000, 0x0000000085300000| Untracked 
|  83|0x0000000085300000, 0x0000000085400000, 0x0000000085400000|100%| O|  |TAMS 0x0000000085400000, 0x0000000085400000| Untracked 
|  84|0x0000000085400000, 0x0000000085500000, 0x0000000085500000|100%| O|  |TAMS 0x0000000085500000, 0x0000000085500000| Untracked 
|  85|0x0000000085500000, 0x0000000085500000, 0x0000000085600000|  0%| F|  |TAMS 0x0000000085500000, 0x0000000085500000| Untracked 
|  86|0x0000000085600000, 0x0000000085700000, 0x0000000085700000|100%| O|  |TAMS 0x0000000085700000, 0x0000000085700000| Untracked 
|  87|0x0000000085700000, 0x0000000085800000, 0x0000000085800000|100%| O|  |TAMS 0x0000000085800000, 0x0000000085800000| Untracked 
|  88|0x0000000085800000, 0x0000000085900000, 0x0000000085900000|100%| O|  |TAMS 0x0000000085900000, 0x0000000085900000| Untracked 
|  89|0x0000000085900000, 0x0000000085a00000, 0x0000000085a00000|100%| O|  |TAMS 0x0000000085a00000, 0x0000000085a00000| Untracked 
|  90|0x0000000085a00000, 0x0000000085b00000, 0x0000000085b00000|100%| O|  |TAMS 0x0000000085ada200, 0x0000000085b00000| Untracked 
|  91|0x0000000085b00000, 0x0000000085c00000, 0x0000000085c00000|100%| O|  |TAMS 0x0000000085b00000, 0x0000000085c00000| Untracked 
|  92|0x0000000085c00000, 0x0000000085d00000, 0x0000000085d00000|100%| O|  |TAMS 0x0000000085c00000, 0x0000000085d00000| Untracked 
|  93|0x0000000085d00000, 0x0000000085e00000, 0x0000000085e00000|100%| O|  |TAMS 0x0000000085d00000, 0x0000000085e00000| Untracked 
|  94|0x0000000085e00000, 0x0000000085f00000, 0x0000000085f00000|100%| O|  |TAMS 0x0000000085e00000, 0x0000000085f00000| Untracked 
|  95|0x0000000085f00000, 0x0000000086000000, 0x0000000086000000|100%| O|  |TAMS 0x0000000085f00000, 0x0000000086000000| Untracked 
|  96|0x0000000086000000, 0x0000000086100000, 0x0000000086100000|100%| O|  |TAMS 0x0000000086000000, 0x0000000086100000| Untracked 
|  97|0x0000000086100000, 0x0000000086200000, 0x0000000086200000|100%| O|  |TAMS 0x0000000086100000, 0x0000000086200000| Untracked 
|  98|0x0000000086200000, 0x0000000086300000, 0x0000000086300000|100%| O|  |TAMS 0x0000000086200000, 0x0000000086300000| Untracked 
|  99|0x0000000086300000, 0x0000000086400000, 0x0000000086400000|100%| O|  |TAMS 0x0000000086300000, 0x0000000086400000| Untracked 
| 100|0x0000000086400000, 0x0000000086500000, 0x0000000086500000|100%| O|  |TAMS 0x0000000086400000, 0x0000000086500000| Untracked 
| 101|0x0000000086500000, 0x0000000086600000, 0x0000000086600000|100%| O|  |TAMS 0x0000000086500000, 0x0000000086600000| Untracked 
| 102|0x0000000086600000, 0x0000000086700000, 0x0000000086700000|100%| O|  |TAMS 0x0000000086600000, 0x0000000086700000| Untracked 
| 103|0x0000000086700000, 0x0000000086800000, 0x0000000086800000|100%| O|  |TAMS 0x0000000086700000, 0x0000000086800000| Untracked 
| 104|0x0000000086800000, 0x0000000086900000, 0x0000000086900000|100%| O|  |TAMS 0x0000000086800000, 0x0000000086900000| Untracked 
| 105|0x0000000086900000, 0x0000000086961e00, 0x0000000086a00000| 38%| O|  |TAMS 0x0000000086900000, 0x0000000086961e00| Untracked 
| 106|0x0000000086a00000, 0x0000000086a00000, 0x0000000086b00000|  0%| F|  |TAMS 0x0000000086a00000, 0x0000000086a00000| Untracked 
| 107|0x0000000086b00000, 0x0000000086b00000, 0x0000000086c00000|  0%| F|  |TAMS 0x0000000086b00000, 0x0000000086b00000| Untracked 
| 108|0x0000000086c00000, 0x0000000086c00000, 0x0000000086d00000|  0%| F|  |TAMS 0x0000000086c00000, 0x0000000086c00000| Untracked 
| 109|0x0000000086d00000, 0x0000000086d00000, 0x0000000086e00000|  0%| F|  |TAMS 0x0000000086d00000, 0x0000000086d00000| Untracked 
| 110|0x0000000086e00000, 0x0000000086e00000, 0x0000000086f00000|  0%| F|  |TAMS 0x0000000086e00000, 0x0000000086e00000| Untracked 
| 111|0x0000000086f00000, 0x0000000086f00000, 0x0000000087000000|  0%| F|  |TAMS 0x0000000086f00000, 0x0000000086f00000| Untracked 
| 112|0x0000000087000000, 0x0000000087000000, 0x0000000087100000|  0%| F|  |TAMS 0x0000000087000000, 0x0000000087000000| Untracked 
| 113|0x0000000087100000, 0x0000000087100000, 0x0000000087200000|  0%| F|  |TAMS 0x0000000087100000, 0x0000000087100000| Untracked 
| 114|0x0000000087200000, 0x0000000087200000, 0x0000000087300000|  0%| F|  |TAMS 0x0000000087200000, 0x0000000087200000| Untracked 
| 115|0x0000000087300000, 0x0000000087300000, 0x0000000087400000|  0%| F|  |TAMS 0x0000000087300000, 0x0000000087300000| Untracked 
| 116|0x0000000087400000, 0x0000000087400000, 0x0000000087500000|  0%| F|  |TAMS 0x0000000087400000, 0x0000000087400000| Untracked 
| 117|0x0000000087500000, 0x0000000087500000, 0x0000000087600000|  0%| F|  |TAMS 0x0000000087500000, 0x0000000087500000| Untracked 
| 118|0x0000000087600000, 0x0000000087600000, 0x0000000087700000|  0%| F|  |TAMS 0x0000000087600000, 0x0000000087600000| Untracked 
| 119|0x0000000087700000, 0x0000000087700000, 0x0000000087800000|  0%| F|  |TAMS 0x0000000087700000, 0x0000000087700000| Untracked 
| 120|0x0000000087800000, 0x0000000087800000, 0x0000000087900000|  0%| F|  |TAMS 0x0000000087800000, 0x0000000087800000| Untracked 
| 121|0x0000000087900000, 0x0000000087900000, 0x0000000087a00000|  0%| F|  |TAMS 0x0000000087900000, 0x0000000087900000| Untracked 
| 122|0x0000000087a00000, 0x0000000087a00000, 0x0000000087b00000|  0%| F|  |TAMS 0x0000000087a00000, 0x0000000087a00000| Untracked 
| 123|0x0000000087b00000, 0x0000000087b00000, 0x0000000087c00000|  0%| F|  |TAMS 0x0000000087b00000, 0x0000000087b00000| Untracked 
| 124|0x0000000087c00000, 0x0000000087c00000, 0x0000000087d00000|  0%| F|  |TAMS 0x0000000087c00000, 0x0000000087c00000| Untracked 
| 125|0x0000000087d00000, 0x0000000087d00000, 0x0000000087e00000|  0%| F|  |TAMS 0x0000000087d00000, 0x0000000087d00000| Untracked 
| 126|0x0000000087e00000, 0x0000000087e00000, 0x0000000087f00000|  0%| F|  |TAMS 0x0000000087e00000, 0x0000000087e00000| Untracked 
| 127|0x0000000087f00000, 0x0000000087f00000, 0x0000000088000000|  0%| F|  |TAMS 0x0000000087f00000, 0x0000000087f00000| Untracked 
| 128|0x0000000088000000, 0x0000000088000000, 0x0000000088100000|  0%| F|  |TAMS 0x0000000088000000, 0x0000000088000000| Untracked 
| 129|0x0000000088100000, 0x0000000088100000, 0x0000000088200000|  0%| F|  |TAMS 0x0000000088100000, 0x0000000088100000| Untracked 
| 130|0x0000000088200000, 0x0000000088200000, 0x0000000088300000|  0%| F|  |TAMS 0x0000000088200000, 0x0000000088200000| Untracked 
| 131|0x0000000088300000, 0x0000000088300000, 0x0000000088400000|  0%| F|  |TAMS 0x0000000088300000, 0x0000000088300000| Untracked 
| 132|0x0000000088400000, 0x0000000088400000, 0x0000000088500000|  0%| F|  |TAMS 0x0000000088400000, 0x0000000088400000| Untracked 
| 133|0x0000000088500000, 0x0000000088500000, 0x0000000088600000|  0%| F|  |TAMS 0x0000000088500000, 0x0000000088500000| Untracked 
| 134|0x0000000088600000, 0x0000000088600000, 0x0000000088700000|  0%| F|  |TAMS 0x0000000088600000, 0x0000000088600000| Untracked 
| 135|0x0000000088700000, 0x0000000088700000, 0x0000000088800000|  0%| F|  |TAMS 0x0000000088700000, 0x0000000088700000| Untracked 
| 136|0x0000000088800000, 0x0000000088800000, 0x0000000088900000|  0%| F|  |TAMS 0x0000000088800000, 0x0000000088800000| Untracked 
| 137|0x0000000088900000, 0x0000000088900000, 0x0000000088a00000|  0%| F|  |TAMS 0x0000000088900000, 0x0000000088900000| Untracked 
| 138|0x0000000088a00000, 0x0000000088a00000, 0x0000000088b00000|  0%| F|  |TAMS 0x0000000088a00000, 0x0000000088a00000| Untracked 
| 139|0x0000000088b00000, 0x0000000088b00000, 0x0000000088c00000|  0%| F|  |TAMS 0x0000000088b00000, 0x0000000088b00000| Untracked 
| 140|0x0000000088c00000, 0x0000000088c00000, 0x0000000088d00000|  0%| F|  |TAMS 0x0000000088c00000, 0x0000000088c00000| Untracked 
| 141|0x0000000088d00000, 0x0000000088d00000, 0x0000000088e00000|  0%| F|  |TAMS 0x0000000088d00000, 0x0000000088d00000| Untracked 
| 142|0x0000000088e00000, 0x0000000088e00000, 0x0000000088f00000|  0%| F|  |TAMS 0x0000000088e00000, 0x0000000088e00000| Untracked 
| 143|0x0000000088f00000, 0x0000000088f924a0, 0x0000000089000000| 57%| S|CS|TAMS 0x0000000088f00000, 0x0000000088f00000| Complete 
| 144|0x0000000089000000, 0x0000000089000000, 0x0000000089100000|  0%| F|  |TAMS 0x0000000089000000, 0x0000000089000000| Untracked 
| 145|0x0000000089100000, 0x0000000089100000, 0x0000000089200000|  0%| F|  |TAMS 0x0000000089100000, 0x0000000089100000| Untracked 
| 146|0x0000000089200000, 0x0000000089200000, 0x0000000089300000|  0%| F|  |TAMS 0x0000000089200000, 0x0000000089200000| Untracked 
| 147|0x0000000089300000, 0x0000000089300000, 0x0000000089400000|  0%| F|  |TAMS 0x0000000089300000, 0x0000000089300000| Untracked 
| 148|0x0000000089400000, 0x0000000089400000, 0x0000000089500000|  0%| F|  |TAMS 0x0000000089400000, 0x0000000089400000| Untracked 
| 149|0x0000000089500000, 0x0000000089500000, 0x0000000089600000|  0%| F|  |TAMS 0x0000000089500000, 0x0000000089500000| Untracked 
| 150|0x0000000089600000, 0x0000000089600000, 0x0000000089700000|  0%| F|  |TAMS 0x0000000089600000, 0x0000000089600000| Untracked 
| 151|0x0000000089700000, 0x0000000089700000, 0x0000000089800000|  0%| F|  |TAMS 0x0000000089700000, 0x0000000089700000| Untracked 
| 152|0x0000000089800000, 0x0000000089800000, 0x0000000089900000|  0%| F|  |TAMS 0x0000000089800000, 0x0000000089800000| Untracked 
| 153|0x0000000089900000, 0x0000000089900000, 0x0000000089a00000|  0%| F|  |TAMS 0x0000000089900000, 0x0000000089900000| Untracked 
| 154|0x0000000089a00000, 0x0000000089a00000, 0x0000000089b00000|  0%| F|  |TAMS 0x0000000089a00000, 0x0000000089a00000| Untracked 
| 155|0x0000000089b00000, 0x0000000089b00000, 0x0000000089c00000|  0%| F|  |TAMS 0x0000000089b00000, 0x0000000089b00000| Untracked 
| 156|0x0000000089c00000, 0x0000000089c00000, 0x0000000089d00000|  0%| F|  |TAMS 0x0000000089c00000, 0x0000000089c00000| Untracked 
| 157|0x0000000089d00000, 0x0000000089d00000, 0x0000000089e00000|  0%| F|  |TAMS 0x0000000089d00000, 0x0000000089d00000| Untracked 
| 158|0x0000000089e00000, 0x0000000089e00000, 0x0000000089f00000|  0%| F|  |TAMS 0x0000000089e00000, 0x0000000089e00000| Untracked 
| 159|0x0000000089f00000, 0x0000000089f00000, 0x000000008a000000|  0%| F|  |TAMS 0x0000000089f00000, 0x0000000089f00000| Untracked 
| 160|0x000000008a000000, 0x000000008a000000, 0x000000008a100000|  0%| F|  |TAMS 0x000000008a000000, 0x000000008a000000| Untracked 
| 161|0x000000008a100000, 0x000000008a100000, 0x000000008a200000|  0%| F|  |TAMS 0x000000008a100000, 0x000000008a100000| Untracked 
| 162|0x000000008a200000, 0x000000008a200000, 0x000000008a300000|  0%| F|  |TAMS 0x000000008a200000, 0x000000008a200000| Untracked 
| 163|0x000000008a300000, 0x000000008a300000, 0x000000008a400000|  0%| F|  |TAMS 0x000000008a300000, 0x000000008a300000| Untracked 
| 164|0x000000008a400000, 0x000000008a400000, 0x000000008a500000|  0%| F|  |TAMS 0x000000008a400000, 0x000000008a400000| Untracked 
| 165|0x000000008a500000, 0x000000008a500000, 0x000000008a600000|  0%| F|  |TAMS 0x000000008a500000, 0x000000008a500000| Untracked 
| 166|0x000000008a600000, 0x000000008a600000, 0x000000008a700000|  0%| F|  |TAMS 0x000000008a600000, 0x000000008a600000| Untracked 
| 167|0x000000008a700000, 0x000000008a700000, 0x000000008a800000|  0%| F|  |TAMS 0x000000008a700000, 0x000000008a700000| Untracked 
| 168|0x000000008a800000, 0x000000008a800000, 0x000000008a900000|  0%| F|  |TAMS 0x000000008a800000, 0x000000008a800000| Untracked 
| 169|0x000000008a900000, 0x000000008a900000, 0x000000008aa00000|  0%| F|  |TAMS 0x000000008a900000, 0x000000008a900000| Untracked 
| 170|0x000000008aa00000, 0x000000008aa00000, 0x000000008ab00000|  0%| F|  |TAMS 0x000000008aa00000, 0x000000008aa00000| Untracked 
| 171|0x000000008ab00000, 0x000000008ab00000, 0x000000008ac00000|  0%| F|  |TAMS 0x000000008ab00000, 0x000000008ab00000| Untracked 
| 196|0x000000008c400000, 0x000000008c400000, 0x000000008c500000|  0%| F|  |TAMS 0x000000008c400000, 0x000000008c400000| Untracked 
| 197|0x000000008c500000, 0x000000008c500000, 0x000000008c600000|  0%| F|  |TAMS 0x000000008c500000, 0x000000008c500000| Untracked 
| 198|0x000000008c600000, 0x000000008c600000, 0x000000008c700000|  0%| F|  |TAMS 0x000000008c600000, 0x000000008c600000| Untracked 
| 199|0x000000008c700000, 0x000000008c700000, 0x000000008c800000|  0%| F|  |TAMS 0x000000008c700000, 0x000000008c700000| Untracked 
| 200|0x000000008c800000, 0x000000008c800000, 0x000000008c900000|  0%| F|  |TAMS 0x000000008c800000, 0x000000008c800000| Untracked 
| 201|0x000000008c900000, 0x000000008c900000, 0x000000008ca00000|  0%| F|  |TAMS 0x000000008c900000, 0x000000008c900000| Untracked 
| 202|0x000000008ca00000, 0x000000008ca00000, 0x000000008cb00000|  0%| F|  |TAMS 0x000000008ca00000, 0x000000008ca00000| Untracked 
| 203|0x000000008cb00000, 0x000000008cb00000, 0x000000008cc00000|  0%| F|  |TAMS 0x000000008cb00000, 0x000000008cb00000| Untracked 
| 204|0x000000008cc00000, 0x000000008cc00000, 0x000000008cd00000|  0%| F|  |TAMS 0x000000008cc00000, 0x000000008cc00000| Untracked 
| 205|0x000000008cd00000, 0x000000008cd00000, 0x000000008ce00000|  0%| F|  |TAMS 0x000000008cd00000, 0x000000008cd00000| Untracked 
| 206|0x000000008ce00000, 0x000000008ce00000, 0x000000008cf00000|  0%| F|  |TAMS 0x000000008ce00000, 0x000000008ce00000| Untracked 
| 207|0x000000008cf00000, 0x000000008cf00000, 0x000000008d000000|  0%| F|  |TAMS 0x000000008cf00000, 0x000000008cf00000| Untracked 
| 317|0x0000000093d00000, 0x0000000093d00000, 0x0000000093e00000|  0%| F|  |TAMS 0x0000000093d00000, 0x0000000093d00000| Untracked 

Card table byte_map: [0x000001fe4ec50000,0x000001fe4f050000] _byte_map_base: 0x000001fe4e850000

Marking Bits (Prev, Next): (CMBitMap*) 0x000001fe37bd2ef0, (CMBitMap*) 0x000001fe37bd2f30
 Prev Bits: [0x000001fe4f450000, 0x000001fe51450000)
 Next Bits: [0x000001fe51450000, 0x000001fe53450000)

Polling page: 0x000001fe35b40000

Metaspace:

Usage:
  Non-class:     68.10 MB used.
      Class:     10.34 MB used.
       Both:     78.43 MB used.

Virtual space:
  Non-class space:       72.00 MB reserved,      68.62 MB ( 95%) committed,  9 nodes.
      Class space:        1.00 GB reserved,      10.69 MB (  1%) committed,  1 nodes.
              Both:        1.07 GB reserved,      79.31 MB (  7%) committed. 

Chunk freelists:
   Non-Class:  3.16 MB
       Class:  1.44 MB
        Both:  4.60 MB

MaxMetaspaceSize: 17179869184.00 GB
CompressedClassSpaceSize: 1.00 GB
 - commit_granule_bytes: 65536.
 - commit_granule_words: 8192.
 - virtual_space_node_default_size: 1048576.
 - enlarge_chunks_in_place: 1.
 - new_chunks_are_fully_committed: 0.
 - uncommit_free_chunks: 1.
 - use_allocation_guard: 0.
 - handle_deallocations: 1.


Internal statistics:

num_allocs_failed_limit: 6.
num_arena_births: 834.
num_arena_deaths: 302.
num_vsnodes_births: 10.
num_vsnodes_deaths: 0.
num_space_committed: 1269.
num_space_uncommitted: 0.
num_chunks_returned_to_freelist: 390.
num_chunks_taken_from_freelist: 4112.
num_chunk_merges: 138.
num_chunk_splits: 2674.
num_chunks_enlarged: 1774.
num_purges: 4.

CodeHeap 'non-profiled nmethods': size=120000Kb used=7574Kb max_used=7574Kb free=112425Kb
 bounds [0x000001fe46dd0000, 0x000001fe47540000, 0x000001fe4e300000]
CodeHeap 'profiled nmethods': size=120000Kb used=20063Kb max_used=20063Kb free=99936Kb
 bounds [0x000001fe3f8a0000, 0x000001fe40c40000, 0x000001fe46dd0000]
CodeHeap 'non-nmethods': size=5760Kb used=2389Kb max_used=2564Kb free=3370Kb
 bounds [0x000001fe3f300000, 0x000001fe3f5a0000, 0x000001fe3f8a0000]
 total_blobs=11459 nmethods=10550 adapters=821
 compilation: enabled
              stopped_count=0, restarted_count=0
 full_count=0

Compilation events (20 events):
Event: 9949.016 Thread 0x000001fe5a57bdb0 12221       4       java.lang.invoke.MemberName::initResolved (53 bytes)
Event: 9949.018 Thread 0x000001fe56c15400 12222       3       org.gradle.internal.snapshot.VfsRelativePath::lengthOfCommonPrefix (173 bytes)
Event: 9949.023 Thread 0x000001fe5a57df10 nmethod 12218 0x000001fe47532710 code [0x000001fe475328c0, 0x000001fe47532bd8]
Event: 9949.023 Thread 0x000001fe5a57df10 12217       4       org.gradle.internal.snapshot.DirectorySnapshot::accept (108 bytes)
Event: 9949.023 Thread 0x000001fe5a57bdb0 nmethod 12221 0x000001fe47532e90 code [0x000001fe47533000, 0x000001fe47533158]
Event: 9949.023 Thread 0x000001fe5a57bdb0 12224       4       org.gradle.internal.snapshot.SnapshotUtil$1::handleAsDescendantOfChild (10 bytes)
Event: 9949.025 Thread 0x000001fe56c15400 nmethod 12222 0x000001fe40c32e10 code [0x000001fe40c33240, 0x000001fe40c354a8]
Event: 9949.025 Thread 0x000001fe56c15400 12223       3       java.net.URI::decode (380 bytes)
Event: 9949.029 Thread 0x000001fe5a57bdb0 nmethod 12224 0x000001fe47533210 code [0x000001fe475333c0, 0x000001fe475335b8]
Event: 9949.037 Thread 0x000001fe56c15400 nmethod 12223 0x000001fe40c36110 code [0x000001fe40c36740, 0x000001fe40c39d38]
Event: 9949.038 Thread 0x000001fe56c15400 12225   !   3       org.gradle.internal.UncheckedException::unchecked (13 bytes)
Event: 9949.039 Thread 0x000001fe56c15400 nmethod 12225 0x000001fe403f5510 code [0x000001fe403f56e0, 0x000001fe403f5958]
Event: 9949.042 Thread 0x000001fe56c15400 12226       3       java.net.URL::equals (24 bytes)
Event: 9949.043 Thread 0x000001fe56c115b0 nmethod 12215 0x000001fe47533790 code [0x000001fe47533980, 0x000001fe475342b8]
Event: 9949.044 Thread 0x000001fe56c15400 nmethod 12226 0x000001fe402bcf10 code [0x000001fe402bd100, 0x000001fe402bd8b8]
Event: 9949.044 Thread 0x000001fe56c15400 12227       3       java.net.URLStreamHandler::equals (29 bytes)
Event: 9949.044 Thread 0x000001fe56c15400 nmethod 12227 0x000001fe402bc790 code [0x000001fe402bc960, 0x000001fe402bcd98]
Event: 9949.044 Thread 0x000001fe56c15400 12228       3       java.net.URLStreamHandler::sameFile (136 bytes)
Event: 9949.045 Thread 0x000001fe56c15400 nmethod 12228 0x000001fe402bba90 code [0x000001fe402bbcc0, 0x000001fe402bc588]
Event: 9949.053 Thread 0x000001fe5a57df10 nmethod 12217 0x000001fe47534910 code [0x000001fe47534ae0, 0x000001fe47535378]

GC Heap History (20 events):
Event: 17.023 GC heap after
{Heap after GC invocations=36 (full 0):
 garbage-first heap   total 158720K, used 79597K [0x0000000080000000, 0x0000000100000000)
  region size 1024K, 5 young (5120K), 5 survivors (5120K)
 Metaspace       used 75365K, committed 75904K, reserved 1114112K
  class space    used 10245K, committed 10496K, reserved 1048576K
}
Event: 17.826 GC heap before
{Heap before GC invocations=36 (full 0):
 garbage-first heap   total 158720K, used 127725K [0x0000000080000000, 0x0000000100000000)
  region size 1024K, 53 young (54272K), 5 survivors (5120K)
 Metaspace       used 75909K, committed 76480K, reserved 1122304K
  class space    used 10290K, committed 10560K, reserved 1048576K
}
Event: 17.830 GC heap after
{Heap after GC invocations=37 (full 0):
 garbage-first heap   total 158720K, used 83704K [0x0000000080000000, 0x0000000100000000)
  region size 1024K, 7 young (7168K), 7 survivors (7168K)
 Metaspace       used 75909K, committed 76480K, reserved 1122304K
  class space    used 10290K, committed 10560K, reserved 1048576K
}
Event: 18.252 GC heap before
{Heap before GC invocations=38 (full 0):
 garbage-first heap   total 158720K, used 127736K [0x0000000080000000, 0x0000000100000000)
  region size 1024K, 51 young (52224K), 7 survivors (7168K)
 Metaspace       used 76192K, committed 76800K, reserved 1122304K
  class space    used 10303K, committed 10560K, reserved 1048576K
}
Event: 18.257 GC heap after
{Heap after GC invocations=39 (full 0):
 garbage-first heap   total 158720K, used 87343K [0x0000000080000000, 0x0000000100000000)
  region size 1024K, 4 young (4096K), 4 survivors (4096K)
 Metaspace       used 76192K, committed 76800K, reserved 1122304K
  class space    used 10303K, committed 10560K, reserved 1048576K
}
Event: 18.634 GC heap before
{Heap before GC invocations=39 (full 0):
 garbage-first heap   total 158720K, used 128303K [0x0000000080000000, 0x0000000100000000)
  region size 1024K, 45 young (46080K), 4 survivors (4096K)
 Metaspace       used 76388K, committed 76928K, reserved 1122304K
  class space    used 10334K, committed 10560K, reserved 1048576K
}
Event: 18.638 GC heap after
{Heap after GC invocations=40 (full 0):
 garbage-first heap   total 158720K, used 90025K [0x0000000080000000, 0x0000000100000000)
  region size 1024K, 3 young (3072K), 3 survivors (3072K)
 Metaspace       used 76388K, committed 76928K, reserved 1122304K
  class space    used 10334K, committed 10560K, reserved 1048576K
}
Event: 18.855 GC heap before
{Heap before GC invocations=41 (full 0):
 garbage-first heap   total 179200K, used 129961K [0x0000000080000000, 0x0000000100000000)
  region size 1024K, 43 young (44032K), 3 survivors (3072K)
 Metaspace       used 76388K, committed 76928K, reserved 1122304K
  class space    used 10328K, committed 10560K, reserved 1048576K
}
Event: 18.858 GC heap after
{Heap after GC invocations=42 (full 0):
 garbage-first heap   total 179200K, used 92343K [0x0000000080000000, 0x0000000100000000)
  region size 1024K, 5 young (5120K), 5 survivors (5120K)
 Metaspace       used 76388K, committed 76928K, reserved 1122304K
  class space    used 10328K, committed 10560K, reserved 1048576K
}
Event: 19.191 GC heap before
{Heap before GC invocations=42 (full 0):
 garbage-first heap   total 179200K, used 146615K [0x0000000080000000, 0x0000000100000000)
  region size 1024K, 59 young (60416K), 5 survivors (5120K)
 Metaspace       used 76463K, committed 76992K, reserved 1122304K
  class space    used 10331K, committed 10560K, reserved 1048576K
}
Event: 19.196 GC heap after
{Heap after GC invocations=43 (full 0):
 garbage-first heap   total 179200K, used 95366K [0x0000000080000000, 0x0000000100000000)
  region size 1024K, 6 young (6144K), 6 survivors (6144K)
 Metaspace       used 76463K, committed 76992K, reserved 1122304K
  class space    used 10331K, committed 10560K, reserved 1048576K
}
Event: 933.110 GC heap before
{Heap before GC invocations=44 (full 0):
 garbage-first heap   total 189440K, used 147590K [0x0000000080000000, 0x0000000100000000)
  region size 1024K, 58 young (59392K), 6 survivors (6144K)
 Metaspace       used 80397K, committed 81024K, reserved 1122304K
  class space    used 10650K, committed 10944K, reserved 1048576K
}
Event: 933.114 GC heap after
{Heap after GC invocations=45 (full 0):
 garbage-first heap   total 189440K, used 96683K [0x0000000080000000, 0x0000000100000000)
  region size 1024K, 5 young (5120K), 5 survivors (5120K)
 Metaspace       used 80397K, committed 81024K, reserved 1122304K
  class space    used 10650K, committed 10944K, reserved 1048576K
}
Event: 4301.100 GC heap before
{Heap before GC invocations=45 (full 0):
 garbage-first heap   total 189440K, used 156075K [0x0000000080000000, 0x0000000100000000)
  region size 1024K, 64 young (65536K), 5 survivors (5120K)
 Metaspace       used 80557K, committed 81152K, reserved 1122304K
  class space    used 10654K, committed 10944K, reserved 1048576K
}
Event: 4301.115 GC heap after
{Heap after GC invocations=46 (full 0):
 garbage-first heap   total 189440K, used 96697K [0x0000000080000000, 0x0000000100000000)
  region size 1024K, 5 young (5120K), 5 survivors (5120K)
 Metaspace       used 80557K, committed 81152K, reserved 1122304K
  class space    used 10654K, committed 10944K, reserved 1048576K
}
Event: 9089.147 GC heap before
{Heap before GC invocations=47 (full 0):
 garbage-first heap   total 189440K, used 159161K [0x0000000080000000, 0x0000000100000000)
  region size 1024K, 66 young (67584K), 5 survivors (5120K)
 Metaspace       used 80172K, committed 81152K, reserved 1122304K
  class space    used 10564K, committed 10944K, reserved 1048576K
}
Event: 9089.160 GC heap after
{Heap after GC invocations=48 (full 0):
 garbage-first heap   total 189440K, used 96755K [0x0000000080000000, 0x0000000100000000)
  region size 1024K, 5 young (5120K), 5 survivors (5120K)
 Metaspace       used 80172K, committed 81152K, reserved 1122304K
  class space    used 10564K, committed 10944K, reserved 1048576K
}
Event: 9091.160 GC heap before
{Heap before GC invocations=48 (full 0):
 garbage-first heap   total 189440K, used 99827K [0x0000000080000000, 0x0000000100000000)
  region size 1024K, 9 young (9216K), 5 survivors (5120K)
 Metaspace       used 80172K, committed 81152K, reserved 1122304K
  class space    used 10564K, committed 10944K, reserved 1048576K
}
Event: 9091.288 GC heap after
{Heap after GC invocations=49 (full 0):
 garbage-first heap   total 189440K, used 89223K [0x0000000080000000, 0x0000000100000000)
  region size 1024K, 1 young (1024K), 1 survivors (1024K)
 Metaspace       used 80172K, committed 81152K, reserved 1122304K
  class space    used 10564K, committed 10944K, reserved 1048576K
}
Event: 9949.059 GC heap before
{Heap before GC invocations=49 (full 0):
 garbage-first heap   total 189440K, used 129159K [0x0000000080000000, 0x0000000100000000)
  region size 1024K, 41 young (41984K), 1 survivors (1024K)
 Metaspace       used 80317K, committed 81216K, reserved 1122304K
  class space    used 10585K, committed 10944K, reserved 1048576K
}

Deoptimization events (20 events):
Event: 9948.968 Thread 0x000001fe59021b80 Uncommon trap: trap_request=0xffffffde fr.pc=0x000001fe47517d80 relative=0x0000000000000340
Event: 9948.968 Thread 0x000001fe59021b80 Uncommon trap: reason=class_check action=maybe_recompile pc=0x000001fe47517d80 method=java.util.AbstractCollection.containsAll(Ljava/util/Collection;)Z @ 1 c2
Event: 9948.968 Thread 0x000001fe59021b80 DEOPT PACKING pc=0x000001fe47517d80 sp=0x000000a4d9bfbe70
Event: 9948.968 Thread 0x000001fe59021b80 DEOPT UNPACKING pc=0x000001fe3f34d72e sp=0x000000a4d9bfbe30 mode 2
Event: 9948.988 Thread 0x000001fe59021b80 Uncommon trap: trap_request=0xffffffc6 fr.pc=0x000001fe4713ca54 relative=0x00000000000008f4
Event: 9948.988 Thread 0x000001fe59021b80 Uncommon trap: reason=bimorphic_or_optimized_type_check action=maybe_recompile pc=0x000001fe4713ca54 method=org.gradle.internal.operations.DefaultBuildOperationListenerManager$ProgressShieldingBuildOperationListener.finished(Lorg/gradle/internal/operation
Event: 9948.989 Thread 0x000001fe59021b80 DEOPT PACKING pc=0x000001fe4713ca54 sp=0x000000a4d9bfc9c0
Event: 9948.989 Thread 0x000001fe59021b80 DEOPT UNPACKING pc=0x000001fe3f34d72e sp=0x000000a4d9bfc918 mode 2
Event: 9948.993 Thread 0x000001fe59021b80 Uncommon trap: trap_request=0xffffff45 fr.pc=0x000001fe470f3364 relative=0x0000000000000524
Event: 9948.993 Thread 0x000001fe59021b80 Uncommon trap: reason=unstable_if action=reinterpret pc=0x000001fe470f3364 method=org.gradle.internal.io.StreamByteBuffer.prepareRead()I @ 30 c2
Event: 9948.993 Thread 0x000001fe59021b80 DEOPT PACKING pc=0x000001fe470f3364 sp=0x000000a4d9bfca60
Event: 9948.993 Thread 0x000001fe59021b80 DEOPT UNPACKING pc=0x000001fe3f34d72e sp=0x000000a4d9bfc928 mode 2
Event: 9948.994 Thread 0x000001fe59021b80 Uncommon trap: trap_request=0xffffff45 fr.pc=0x000001fe47188f14 relative=0x0000000000002af4
Event: 9948.994 Thread 0x000001fe59021b80 Uncommon trap: reason=unstable_if action=reinterpret pc=0x000001fe47188f14 method=java.lang.ref.SoftReference.get()Ljava/lang/Object; @ 6 c2
Event: 9948.994 Thread 0x000001fe59021b80 DEOPT PACKING pc=0x000001fe47188f14 sp=0x000000a4d9bfc190
Event: 9948.995 Thread 0x000001fe59021b80 DEOPT UNPACKING pc=0x000001fe3f34d72e sp=0x000000a4d9bfc100 mode 2
Event: 9949.036 Thread 0x000001fe59021b80 Uncommon trap: trap_request=0xffffffc6 fr.pc=0x000001fe470e8184 relative=0x00000000000010a4
Event: 9949.036 Thread 0x000001fe59021b80 Uncommon trap: reason=bimorphic_or_optimized_type_check action=maybe_recompile pc=0x000001fe470e8184 method=com.google.common.cache.LocalCache$Segment.setValue(Lcom/google/common/cache/ReferenceEntry;Ljava/lang/Object;Ljava/lang/Object;J)V @ 51 c2
Event: 9949.036 Thread 0x000001fe59021b80 DEOPT PACKING pc=0x000001fe470e8184 sp=0x000000a4d9bfc270
Event: 9949.036 Thread 0x000001fe59021b80 DEOPT UNPACKING pc=0x000001fe3f34d72e sp=0x000000a4d9bfc218 mode 2

Classes unloaded (20 events):
Event: 4301.199 Thread 0x000001fe560ee4b0 Unloading class 0x0000000800d6cc00 'java/lang/invoke/LambdaForm$BMH+0x0000000800d6cc00'
Event: 4301.199 Thread 0x000001fe560ee4b0 Unloading class 0x0000000800cea400 'java/lang/invoke/LambdaForm$DMH+0x0000000800cea400'
Event: 4301.199 Thread 0x000001fe560ee4b0 Unloading class 0x0000000800ce9c00 'java/lang/invoke/LambdaForm$DMH+0x0000000800ce9c00'
Event: 4301.199 Thread 0x000001fe560ee4b0 Unloading class 0x0000000800ce9800 'java/lang/invoke/LambdaForm$MH+0x0000000800ce9800'
Event: 4301.199 Thread 0x000001fe560ee4b0 Unloading class 0x0000000800ce9400 'java/lang/invoke/LambdaForm$MH+0x0000000800ce9400'
Event: 4301.199 Thread 0x000001fe560ee4b0 Unloading class 0x0000000800ce9000 'java/lang/invoke/LambdaForm$MH+0x0000000800ce9000'
Event: 4301.199 Thread 0x000001fe560ee4b0 Unloading class 0x0000000800ce8c00 'java/lang/invoke/LambdaForm$MH+0x0000000800ce8c00'
Event: 4301.199 Thread 0x000001fe560ee4b0 Unloading class 0x0000000800ce8800 'java/lang/invoke/LambdaForm$MH+0x0000000800ce8800'
Event: 4301.199 Thread 0x000001fe560ee4b0 Unloading class 0x0000000800ce8400 'java/lang/invoke/LambdaForm$MH+0x0000000800ce8400'
Event: 4301.199 Thread 0x000001fe560ee4b0 Unloading class 0x0000000800ce8000 'java/lang/invoke/LambdaForm$MH+0x0000000800ce8000'
Event: 4301.199 Thread 0x000001fe560ee4b0 Unloading class 0x0000000800cc3000 'java/lang/invoke/LambdaForm$MH+0x0000000800cc3000'
Event: 4301.199 Thread 0x000001fe560ee4b0 Unloading class 0x0000000800cc2800 'java/lang/invoke/LambdaForm$MH+0x0000000800cc2800'
Event: 4301.199 Thread 0x000001fe560ee4b0 Unloading class 0x0000000800cc2400 'java/lang/invoke/LambdaForm$MH+0x0000000800cc2400'
Event: 4301.199 Thread 0x000001fe560ee4b0 Unloading class 0x0000000800cc2000 'java/lang/invoke/LambdaForm$MH+0x0000000800cc2000'
Event: 4301.199 Thread 0x000001fe560ee4b0 Unloading class 0x0000000800cc1c00 'java/lang/invoke/LambdaForm$MH+0x0000000800cc1c00'
Event: 4301.199 Thread 0x000001fe560ee4b0 Unloading class 0x0000000800cc1400 'java/lang/invoke/LambdaForm$MH+0x0000000800cc1400'
Event: 4301.199 Thread 0x000001fe560ee4b0 Unloading class 0x0000000800c26c00 'java/lang/invoke/LambdaForm$MH+0x0000000800c26c00'
Event: 4301.199 Thread 0x000001fe560ee4b0 Unloading class 0x0000000800c26800 'java/lang/invoke/LambdaForm$MH+0x0000000800c26800'
Event: 4301.199 Thread 0x000001fe560ee4b0 Unloading class 0x0000000800c26000 'java/lang/invoke/LambdaForm$MH+0x0000000800c26000'
Event: 4301.199 Thread 0x000001fe560ee4b0 Unloading class 0x0000000800c24400 'java/lang/invoke/LambdaForm$MH+0x0000000800c24400'

Classes redefined (0 events):
No events

Internal exceptions (20 events):
Event: 18.577 Thread 0x000001fe5aeb38e0 Exception <a 'java/lang/NoSuchMethodError'{0x00000000874d72b8}: 'int java.lang.invoke.DirectMethodHandle$Holder.invokeSpecial(java.lang.Object, java.lang.Object, java.lang.Object, java.lang.Object, java.lang.Object)'> (0x00000000874d72b8) 
thrown [t:\workspace\open\src\hotspot\share\interpreter\linkResolver.cpp, line 790]
Event: 18.654 Thread 0x000001fe59024600 Implicit null exception at 0x000001fe47396422 to 0x000001fe47396668
Event: 19.384 Thread 0x000001fe623e85b0 Implicit null exception at 0x000001fe470a4d23 to 0x000001fe470a4f08
Event: 19.384 Thread 0x000001fe623e85b0 Exception <a 'sun/nio/fs/WindowsException'{0x000000008abdb628}> (0x000000008abdb628) 
thrown [t:\workspace\open\src\hotspot\share\prims\jni.cpp, line 579]
Event: 19.394 Thread 0x000001fe578835a0 Exception <a 'sun/nio/fs/WindowsException'{0x000000008aac5780}> (0x000000008aac5780) 
thrown [t:\workspace\open\src\hotspot\share\prims\jni.cpp, line 579]
Event: 19.394 Thread 0x000001fe578835a0 Exception <a 'sun/nio/fs/WindowsException'{0x000000008aac5bd0}> (0x000000008aac5bd0) 
thrown [t:\workspace\open\src\hotspot\share\prims\jni.cpp, line 579]
Event: 19.394 Thread 0x000001fe578835a0 Exception <a 'sun/nio/fs/WindowsException'{0x000000008aac7608}> (0x000000008aac7608) 
thrown [t:\workspace\open\src\hotspot\share\prims\jni.cpp, line 579]
Event: 19.468 Thread 0x000001fe578835a0 Implicit null exception at 0x000001fe4737252f to 0x000001fe4737257c
Event: 26.542 Thread 0x000001fe587be720 Implicit null exception at 0x000001fe46e0a4f2 to 0x000001fe46e0aa90
Event: 26.542 Thread 0x000001fe587be720 Implicit null exception at 0x000001fe46e8c2f2 to 0x000001fe46e8c99c
Event: 4306.541 Thread 0x000001fe587be720 Implicit null exception at 0x000001fe46f9dc12 to 0x000001fe46f9de2c
Event: 4306.541 Thread 0x000001fe587be720 Implicit null exception at 0x000001fe470740a0 to 0x000001fe47074e64
Event: 9948.884 Thread 0x000001fe590275d0 Exception <a 'java/lang/NoSuchMethodError'{0x0000000089531480}: static Lorg/gradle/tooling/internal/provider/serialization/ClassLoaderDetails;.<clinit>()V> (0x0000000089531480) 
thrown [t:\workspace\open\src\hotspot\share\prims\jni.cpp, line 1210]
Event: 9948.887 Thread 0x000001fe590275d0 Exception <a 'java/lang/NoSuchMethodError'{0x0000000089544fe0}: static Lorg/gradle/internal/classloader/ClassLoaderSpec;.<clinit>()V> (0x0000000089544fe0) 
thrown [t:\workspace\open\src\hotspot\share\prims\jni.cpp, line 1210]
Event: 9948.888 Thread 0x000001fe590275d0 Exception <a 'java/lang/NoSuchMethodError'{0x000000008954e338}: static Lorg/gradle/tooling/internal/provider/serialization/WellKnownClassLoaderRegistry$KnownClassLoaderSpec;.<clinit>()V> (0x000000008954e338) 
thrown [t:\workspace\open\src\hotspot\share\prims\jni.cpp, line 1210]
Event: 9948.890 Thread 0x000001fe590275d0 Implicit null exception at 0x000001fe4718aced to 0x000001fe4718d784
Event: 9948.892 Thread 0x000001fe590275d0 Exception <a 'java/lang/NoSuchMethodError'{0x0000000089566240}: static Lorg/gradle/tooling/internal/provider/serialization/ClientOwnedClassLoaderSpec;.<clinit>()V> (0x0000000089566240) 
thrown [t:\workspace\open\src\hotspot\share\prims\jni.cpp, line 1210]
Event: 9948.929 Thread 0x000001fe59021b80 Implicit null exception at 0x000001fe474941e0 to 0x000001fe4749a0dc
Event: 9948.937 Thread 0x000001fe59021b80 Implicit null exception at 0x000001fe47018116 to 0x000001fe470186d8
Event: 9948.994 Thread 0x000001fe59021b80 Implicit null exception at 0x000001fe4718646d to 0x000001fe47188f04

Events (20 events):
Event: 9948.942 Thread 0x000001fe59026090 Thread added: 0x000001fe59026090
Event: 9948.943 Thread 0x000001fe56c19980 flushing nmethod 0x000001fe3feef590
Event: 9948.947 Thread 0x000001fe56c19980 flushing nmethod 0x000001fe402bb690
Event: 9948.948 Thread 0x000001fe56c19980 flushing nmethod 0x000001fe403f5090
Event: 9948.949 Thread 0x000001fe56c19980 flushing nmethod 0x000001fe403fc310
Event: 9948.950 Thread 0x000001fe56c19980 flushing nmethod 0x000001fe4056ba10
Event: 9948.955 Thread 0x000001fe56c19980 flushing nmethod 0x000001fe408ce810
Event: 9948.955 Thread 0x000001fe56c19980 flushing nmethod 0x000001fe4094d590
Event: 9948.955 Thread 0x000001fe56c19980 flushing nmethod 0x000001fe40952110
Event: 9948.955 Thread 0x000001fe56c19980 flushing nmethod 0x000001fe4099dd90
Event: 9948.956 Thread 0x000001fe56c19980 flushing nmethod 0x000001fe40a1c510
Event: 9948.956 Thread 0x000001fe56c19980 flushing nmethod 0x000001fe40a20010
Event: 9948.956 Thread 0x000001fe56c19980 flushing nmethod 0x000001fe40a25e90
Event: 9948.956 Thread 0x000001fe56c19980 flushing nmethod 0x000001fe40a27810
Event: 9948.956 Thread 0x000001fe56c19980 flushing nmethod 0x000001fe40a40690
Event: 9948.956 Thread 0x000001fe56c19980 flushing nmethod 0x000001fe40a76390
Event: 9948.958 Thread 0x000001fe56c19980 flushing nmethod 0x000001fe40b36610
Event: 9948.985 Thread 0x000001fe5a57bdb0 Thread added: 0x000001fe5a57bdb0
Event: 9948.985 Thread 0x000001fe5a57df10 Thread added: 0x000001fe5a57df10
Event: 9949.059 Executing  VM operation: G1TryInitiateConcMark


Dynamic libraries:
0x00007ff7a1100000 - 0x00007ff7a110e000 	C:\Users\pavel\.jdks\openjdk-16.0.2\bin\java.exe
0x00007ffd64620000 - 0x00007ffd64829000 	C:\WINDOWS\SYSTEM32\ntdll.dll
0x00007ffd62500000 - 0x00007ffd625be000 	C:\WINDOWS\System32\KERNEL32.DLL
0x00007ffd61d20000 - 0x00007ffd6209b000 	C:\WINDOWS\System32\KERNELBASE.dll
0x00007ffd61c00000 - 0x00007ffd61d11000 	C:\WINDOWS\System32\ucrtbase.dll
0x00007ffd43800000 - 0x00007ffd43818000 	C:\Users\pavel\.jdks\openjdk-16.0.2\bin\jli.dll
0x00007ffd43720000 - 0x00007ffd43739000 	C:\Users\pavel\.jdks\openjdk-16.0.2\bin\VCRUNTIME140.dll
0x00007ffd63350000 - 0x00007ffd634fd000 	C:\WINDOWS\System32\USER32.dll
0x00007ffd62330000 - 0x00007ffd62356000 	C:\WINDOWS\System32\win32u.dll
0x00007ffd3fe10000 - 0x00007ffd400b5000 	C:\WINDOWS\WinSxS\amd64_microsoft.windows.common-controls_6595b64144ccf1df_6.0.22000.120_none_9d947278b86cc467\COMCTL32.dll
0x00007ffd63320000 - 0x00007ffd63349000 	C:\WINDOWS\System32\GDI32.dll
0x00007ffd63aa0000 - 0x00007ffd63b43000 	C:\WINDOWS\System32\msvcrt.dll
0x00007ffd620a0000 - 0x00007ffd621b8000 	C:\WINDOWS\System32\gdi32full.dll
0x00007ffd61af0000 - 0x00007ffd61b8d000 	C:\WINDOWS\System32\msvcp_win.dll
0x00007ffd62ac0000 - 0x00007ffd62af2000 	C:\WINDOWS\System32\IMM32.DLL
0x00007ffd458e0000 - 0x00007ffd458ec000 	C:\Users\pavel\.jdks\openjdk-16.0.2\bin\vcruntime140_1.dll
0x00007ffd17b30000 - 0x00007ffd17bc1000 	C:\Users\pavel\.jdks\openjdk-16.0.2\bin\msvcp140.dll
0x00007ffcfd080000 - 0x00007ffcfdc2b000 	C:\Users\pavel\.jdks\openjdk-16.0.2\bin\server\jvm.dll
0x00007ffd63d50000 - 0x00007ffd63dfe000 	C:\WINDOWS\System32\ADVAPI32.dll
0x00007ffd63910000 - 0x00007ffd639ae000 	C:\WINDOWS\System32\sechost.dll
0x00007ffd63580000 - 0x00007ffd636a0000 	C:\WINDOWS\System32\RPCRT4.dll
0x00007ffd63880000 - 0x00007ffd63888000 	C:\WINDOWS\System32\PSAPI.DLL
0x00007ffd4f380000 - 0x00007ffd4f389000 	C:\WINDOWS\SYSTEM32\WSOCK32.dll
0x00007ffd5ef00000 - 0x00007ffd5ef33000 	C:\WINDOWS\SYSTEM32\WINMM.dll
0x00007ffd59900000 - 0x00007ffd5990a000 	C:\WINDOWS\SYSTEM32\VERSION.dll
0x00007ffd643d0000 - 0x00007ffd6443f000 	C:\WINDOWS\System32\WS2_32.dll
0x00007ffd60c60000 - 0x00007ffd60c78000 	C:\WINDOWS\SYSTEM32\kernel.appcore.dll
0x00007ffd457d0000 - 0x00007ffd457da000 	C:\Users\pavel\.jdks\openjdk-16.0.2\bin\jimage.dll
0x00007ffd5f5b0000 - 0x00007ffd5f7d1000 	C:\WINDOWS\SYSTEM32\DBGHELP.DLL
0x00007ffd5eec0000 - 0x00007ffd5eef1000 	C:\WINDOWS\SYSTEM32\dbgcore.DLL
0x00007ffd62420000 - 0x00007ffd6249f000 	C:\WINDOWS\System32\bcryptPrimitives.dll
0x00007ffd3f1b0000 - 0x00007ffd3f1d5000 	C:\Users\pavel\.jdks\openjdk-16.0.2\bin\java.dll
0x00007ffd62b00000 - 0x00007ffd632b7000 	C:\WINDOWS\System32\SHELL32.dll
0x00007ffd5fbf0000 - 0x00007ffd60455000 	C:\WINDOWS\SYSTEM32\windows.storage.dll
0x00007ffd62740000 - 0x00007ffd62ab8000 	C:\WINDOWS\System32\combase.dll
0x00007ffd5fa80000 - 0x00007ffd5fbe6000 	C:\WINDOWS\SYSTEM32\wintypes.dll
0x00007ffd639b0000 - 0x00007ffd63a9a000 	C:\WINDOWS\System32\SHCORE.dll
0x00007ffd624a0000 - 0x00007ffd624fd000 	C:\WINDOWS\System32\shlwapi.dll
0x00007ffd61a20000 - 0x00007ffd61a41000 	C:\WINDOWS\SYSTEM32\profapi.dll
0x00007ffd3f100000 - 0x00007ffd3f119000 	C:\Users\pavel\.jdks\openjdk-16.0.2\bin\net.dll
0x00007ffd5bdf0000 - 0x00007ffd5bf04000 	C:\WINDOWS\SYSTEM32\WINHTTP.dll
0x00007ffd61100000 - 0x00007ffd61167000 	C:\WINDOWS\system32\mswsock.dll
0x00007ffd3d250000 - 0x00007ffd3d263000 	C:\Users\pavel\.jdks\openjdk-16.0.2\bin\nio.dll
0x00007ffd37de0000 - 0x00007ffd37df8000 	C:\Users\pavel\.jdks\openjdk-16.0.2\bin\zip.dll
0x00007ffd456d0000 - 0x00007ffd456e0000 	C:\Users\pavel\.jdks\openjdk-16.0.2\bin\verify.dll
0x00007ffd43120000 - 0x00007ffd43147000 	C:\Users\pavel\.gradle\native\e1d6ef7f7dcc3fd88c89a11ec53ec762bb8ba0a96d01ffa2cd45eb1d1d8dd5c5\windows-amd64\native-platform.dll
0x00007ffd10e70000 - 0x00007ffd10fb4000 	C:\Users\pavel\.gradle\native\5664cfc778a61ccfe75a443a1ab52a65af34e5dc3c78e0209fed803814484fcb\windows-amd64\native-platform-file-events.dll
0x00007ffd3f4e0000 - 0x00007ffd3f4e9000 	C:\Users\pavel\.jdks\openjdk-16.0.2\bin\management.dll
0x00007ffd3f0f0000 - 0x00007ffd3f0fb000 	C:\Users\pavel\.jdks\openjdk-16.0.2\bin\management_ext.dll
0x00007ffd61340000 - 0x00007ffd61358000 	C:\WINDOWS\SYSTEM32\CRYPTSP.dll
0x00007ffd60bc0000 - 0x00007ffd60bf5000 	C:\WINDOWS\system32\rsaenh.dll
0x00007ffd611f0000 - 0x00007ffd61219000 	C:\WINDOWS\SYSTEM32\USERENV.dll
0x00007ffd614d0000 - 0x00007ffd614f7000 	C:\WINDOWS\SYSTEM32\bcrypt.dll
0x00007ffd61360000 - 0x00007ffd6136c000 	C:\WINDOWS\SYSTEM32\CRYPTBASE.dll
0x00007ffd60710000 - 0x00007ffd6073d000 	C:\WINDOWS\SYSTEM32\IPHLPAPI.DLL
0x00007ffd63860000 - 0x00007ffd63869000 	C:\WINDOWS\System32\NSI.dll
0x00007ffd5add0000 - 0x00007ffd5ade9000 	C:\WINDOWS\SYSTEM32\dhcpcsvc6.DLL
0x00007ffd5b0e0000 - 0x00007ffd5b0fe000 	C:\WINDOWS\SYSTEM32\dhcpcsvc.DLL
0x00007ffd60740000 - 0x00007ffd60828000 	C:\WINDOWS\SYSTEM32\DNSAPI.dll
0x00007ffd3efd0000 - 0x00007ffd3efde000 	C:\Users\pavel\.jdks\openjdk-16.0.2\bin\sunmscapi.dll
0x00007ffd621c0000 - 0x00007ffd62322000 	C:\WINDOWS\System32\CRYPT32.dll
0x00007ffd614a0000 - 0x00007ffd614c8000 	C:\WINDOWS\SYSTEM32\ncrypt.dll
0x00007ffd61460000 - 0x00007ffd61497000 	C:\WINDOWS\SYSTEM32\NTASN1.dll
0x00007ffd3ecd0000 - 0x00007ffd3ecd8000 	C:\WINDOWS\system32\wshunix.dll

dbghelp: loaded successfully - version: 4.0.5 - missing functions: none
symbol engine: initialized successfully - sym options: 0x614 - pdb path: .;C:\Users\pavel\.jdks\openjdk-16.0.2\bin;C:\WINDOWS\SYSTEM32;C:\WINDOWS\WinSxS\amd64_microsoft.windows.common-controls_6595b64144ccf1df_6.0.22000.120_none_9d947278b86cc467;C:\Users\pavel\.jdks\openjdk-16.0.2\bin\server;C:\Users\pavel\.gradle\native\e1d6ef7f7dcc3fd88c89a11ec53ec762bb8ba0a96d01ffa2cd45eb1d1d8dd5c5\windows-amd64;C:\Users\pavel\.gradle\native\5664cfc778a61ccfe75a443a1ab52a65af34e5dc3c78e0209fed803814484fcb\windows-amd64

VM Arguments:
jvm_args: --add-opens=java.base/java.util=ALL-UNNAMED --add-opens=java.base/java.lang=ALL-UNNAMED --add-opens=java.base/java.lang.invoke=ALL-UNNAMED --add-opens=java.base/java.util=ALL-UNNAMED --add-opens=java.prefs/java.util.prefs=ALL-UNNAMED --add-opens=java.prefs/java.util.prefs=ALL-UNNAMED --add-opens=java.base/java.nio.charset=ALL-UNNAMED --add-opens=java.base/java.net=ALL-UNNAMED --add-opens=java.base/java.util.concurrent.atomic=ALL-UNNAMED -Xmx2048m -Dfile.encoding=UTF-8 -Duser.country=GB -Duser.language=en -Duser.variant 
java_command: org.gradle.launcher.daemon.bootstrap.GradleDaemon 7.3.3
java_class_path (initial): C:\Users\pavel\.gradle\wrapper\dists\gradle-7.3.3-bin\6a41zxkdtcxs8rphpq6y0069z\gradle-7.3.3\lib\gradle-launcher-7.3.3.jar
Launcher Type: SUN_STANDARD

[Global flags]
     intx CICompilerCount                          = 4                                         {product} {ergonomic}
     uint ConcGCThreads                            = 3                                         {product} {ergonomic}
     uint G1ConcRefinementThreads                  = 10                                        {product} {ergonomic}
   size_t G1HeapRegionSize                         = 1048576                                   {product} {ergonomic}
    uintx GCDrainStackTargetSize                   = 64                                        {product} {ergonomic}
   size_t InitialHeapSize                          = 333447168                                 {product} {ergonomic}
   size_t MarkStackSize                            = 4194304                                   {product} {ergonomic}
   size_t MaxHeapSize                              = 2147483648                                {product} {command line}
   size_t MaxNewSize                               = 1287651328                                {product} {ergonomic}
   size_t MinHeapDeltaBytes                        = 1048576                                   {product} {ergonomic}
   size_t MinHeapSize                              = 8388608                                   {product} {ergonomic}
    uintx NonNMethodCodeHeapSize                   = 5839372                                {pd product} {ergonomic}
    uintx NonProfiledCodeHeapSize                  = 122909434                              {pd product} {ergonomic}
    uintx ProfiledCodeHeapSize                     = 122909434                              {pd product} {ergonomic}
    uintx ReservedCodeCacheSize                    = 251658240                              {pd product} {ergonomic}
     bool SegmentedCodeCache                       = true                                      {product} {ergonomic}
   size_t SoftMaxHeapSize                          = 2147483648                             {manageable} {ergonomic}
     bool UseCompressedClassPointers               = true                           {product lp64_product} {ergonomic}
     bool UseCompressedOops                        = true                           {product lp64_product} {ergonomic}
     bool UseG1GC                                  = true                                      {product} {ergonomic}
     bool UseLargePagesIndividualAllocation        = false                                  {pd product} {ergonomic}

Logging:
Log output configuration:
 #0: stdout all=warning uptime,level,tags
 #1: stderr all=off uptime,level,tags

Environment Variables:
JAVA_HOME=C:\Program Files\Java\jdk-15
PATH=C:\Program Files\Common Files\Oracle\Java\javapath;C:\Python38\Scripts\;C:\Python38\;C:\Windows\system32;C:\Windows;C:\Windows\System32\Wbem;C:\Windows\System32\WindowsPowerShell\v1.0\;C:\Windows\System32\OpenSSH\;C:\Program Files\Intel\WiFi\bin\;C:\Program Files\Common Files\Intel\WirelessCommon\;C:\Program Files (x86)\NVIDIA Corporation\PhysX\Common;C:\Program Files\NVIDIA Corporation\NVIDIA NvDLISR;C:\Program Files\dotnet\;C:\Program Files\Microsoft SQL Server\130\Tools\Binn\;C:\Program Files\nodejs\;C:\ProgramData\chocolatey\bin;C:\Program Files\Java\jdk-15\bin;C:\Program Files\SourceGear\Common\DiffMerge\;C:\WINDOWS\system32;C:\WINDOWS;C:\WINDOWS\System32\Wbem;C:\WINDOWS\System32\WindowsPowerShell\v1.0\;C:\WINDOWS\System32\OpenSSH\;C:\Users\pavel\AppData\Local\Microsoft\WindowsApps;;C:\Users\pavel\AppData\Local\Programs\Microsoft VS Code\bin;C:\Users\pavel\AppData\Roaming\npm
USERNAME=pavel
OS=Windows_NT
PROCESSOR_IDENTIFIER=Intel64 Family 6 Model 158 Stepping 10, GenuineIntel



---------------  S Y S T E M  ---------------

OS:
 Windows 10 , 64 bit Build 22000 (10.0.22000.1335)
OS uptime: 1 days 20:38 hours

CPU: total 12 (initial active 12) (6 cores per cpu, 2 threads per core) family 6 model 158 stepping 10 microcode 0xde, cx8, cmov, fxsr, ht, mmx, 3dnowpref, sse, sse2, sse3, ssse3, sse4.1, sse4.2, popcnt, lzcnt, tsc, tscinvbit, avx, avx2, aes, erms, clmul, bmi1, bmi2, adx, fma, vzeroupper, clflush, clflushopt

Memory: 4k page, system-wide physical 20297M (3188M free)
TotalPageFile size 28581M (AvailPageFile size 3M)
current process WorkingSet (physical memory assigned to process): 334M, peak: 452M
current process commit charge ("private bytes"): 447M, peak: 518M

vm_info: OpenJDK 64-Bit Server VM (16.0.2+7-67) for windows-amd64 JRE (16.0.2+7-67), built on Jun  8 2021 23:21:43 by "mach5one" with MS VC++ 16.7 (VS2019)

END.
